<?xml version="1.0" encoding="UTF-8"?>
<testng-results ignored="0" total="1" passed="1" failed="0" skipped="0">
  <reporter-output>
  </reporter-output>
  <suite started-at="2023-09-01T09:49:09 IST" name="Default suite" finished-at="2023-09-01T09:49:43 IST" duration-ms="33296">
    <groups>
    </groups>
    <test started-at="2023-09-01T09:49:09 IST" name="Default test" finished-at="2023-09-01T09:49:43 IST" duration-ms="33296">
      <class name="vtigerFinalScripts.CreateContactWithOrgTest">
        <test-method is-config="true" signature="classSetup()[pri:0, instance:vtigerFinalScripts.CreateContactWithOrgTest@18271936]" started-at="2023-09-01T09:49:09 IST" name="classSetup" finished-at="2023-09-01T09:49:12 IST" duration-ms="2426" status="PASS">
          <reporter-output>
          </reporter-output>
        </test-method> <!-- classSetup -->
        <test-method is-config="true" signature="MethodSetup()[pri:0, instance:vtigerFinalScripts.CreateContactWithOrgTest@18271936]" started-at="2023-09-01T09:49:12 IST" name="MethodSetup" finished-at="2023-09-01T09:49:17 IST" duration-ms="5624" status="PASS">
          <reporter-output>
          </reporter-output>
        </test-method> <!-- MethodSetup -->
        <test-method signature="createContactWithOrgTest()[pri:0, instance:vtigerFinalScripts.CreateContactWithOrgTest@18271936]" started-at="2023-09-01T09:49:17 IST" name="createContactWithOrgTest" finished-at="2023-09-01T09:49:40 IST" duration-ms="23000" status="PASS">
          <reporter-output>
          </reporter-output>
        </test-method> <!-- createContactWithOrgTest -->
        <test-method is-config="true" signature="methodTearDown()[pri:0, instance:vtigerFinalScripts.CreateContactWithOrgTest@18271936]" started-at="2023-09-01T09:49:40 IST" name="methodTearDown" finished-at="2023-09-01T09:49:42 IST" duration-ms="1899" status="PASS">
          <reporter-output>
          </reporter-output>
        </test-method> <!-- methodTearDown -->
        <test-method is-config="true" signature="classTearDown()[pri:0, instance:vtigerFinalScripts.CreateContactWithOrgTest@18271936]" started-at="2023-09-01T09:49:42 IST" name="classTearDown" finished-at="2023-09-01T09:49:43 IST" duration-ms="269" status="PASS">
          <reporter-output>
          </reporter-output>
        </test-method> <!-- classTearDown -->
      </class> <!-- vtigerFinalScripts.CreateContactWithOrgTest -->
    </test> <!-- Default test -->
  </suite> <!-- Default suite -->
</testng-results>
